<?xml version="1.0" encoding="UTF-8"?>
<<<<<<< HEAD
<testsuite xmlns:xsi="http://www.w3.org/2001/XMLSchema-instance" xsi:noNamespaceSchemaLocation="https://maven.apache.org/surefire/maven-surefire-plugin/xsd/surefire-test-report.xsd" version="3.0.1" name="com.restaurante.amm.amimaneracapadominiomodel.AppTest" time="0.042" tests="1" errors="0" skipped="0" failures="0">
=======
<testsuite xmlns:xsi="http://www.w3.org/2001/XMLSchema-instance" xsi:noNamespaceSchemaLocation="https://maven.apache.org/surefire/maven-surefire-plugin/xsd/surefire-test-report.xsd" version="3.0.1" name="com.restaurante.amm.amimaneracapadominiomodel.AppTest" time="0.072" tests="1" errors="0" skipped="0" failures="0">
>>>>>>> f4e3c6aa7f867579a2d5adaba31ab2deb92777cc
  <properties>
    <property name="java.specification.version" value="21"/>
    <property name="sun.cpu.isalist" value="amd64"/>
    <property name="sun.jnu.encoding" value="Cp1252"/>
<<<<<<< HEAD
    <property name="java.class.path" value="C:\Users\fenix\OneDrive\Desktop\GitHub_AMM\A-mi-manera\AMiManera\AMiManeraModel\target\test-classes;C:\Users\fenix\OneDrive\Desktop\GitHub_AMM\A-mi-manera\AMiManera\AMiManeraModel\target\classes;C:\Users\fenix\.m2\repository\org\junit\jupiter\junit-jupiter-api\5.11.0\junit-jupiter-api-5.11.0.jar;C:\Users\fenix\.m2\repository\org\opentest4j\opentest4j\1.3.0\opentest4j-1.3.0.jar;C:\Users\fenix\.m2\repository\org\junit\platform\junit-platform-commons\1.11.0\junit-platform-commons-1.11.0.jar;C:\Users\fenix\.m2\repository\org\apiguardian\apiguardian-api\1.1.2\apiguardian-api-1.1.2.jar;C:\Users\fenix\.m2\repository\org\junit\jupiter\junit-jupiter-params\5.11.0\junit-jupiter-params-5.11.0.jar;"/>
=======
    <property name="java.class.path" value="C:\Users\jfgut\OneDrive\Desktop\PUCP\2025 - 1\Programacion 3\GIT\A-mi-manera\AMiManera\AMiManeraModel\target\test-classes;C:\Users\jfgut\OneDrive\Desktop\PUCP\2025 - 1\Programacion 3\GIT\A-mi-manera\AMiManera\AMiManeraModel\target\classes;C:\Users\jfgut\.m2\repository\org\junit\jupiter\junit-jupiter-api\5.11.0\junit-jupiter-api-5.11.0.jar;C:\Users\jfgut\.m2\repository\org\opentest4j\opentest4j\1.3.0\opentest4j-1.3.0.jar;C:\Users\jfgut\.m2\repository\org\junit\platform\junit-platform-commons\1.11.0\junit-platform-commons-1.11.0.jar;C:\Users\jfgut\.m2\repository\org\apiguardian\apiguardian-api\1.1.2\apiguardian-api-1.1.2.jar;C:\Users\jfgut\.m2\repository\org\junit\jupiter\junit-jupiter-params\5.11.0\junit-jupiter-params-5.11.0.jar;"/>
>>>>>>> f4e3c6aa7f867579a2d5adaba31ab2deb92777cc
    <property name="java.vm.vendor" value="Oracle Corporation"/>
    <property name="sun.arch.data.model" value="64"/>
    <property name="user.variant" value=""/>
    <property name="java.vendor.url" value="https://java.oracle.com/"/>
    <property name="user.timezone" value="America/Bogota"/>
    <property name="os.name" value="Windows 11"/>
<<<<<<< HEAD
    <property name="java.vm.specification.version" value="21"/>
    <property name="user.country" value="PE"/>
    <property name="sun.java.launcher" value="SUN_STANDARD"/>
    <property name="sun.boot.library.path" value="C:\Program Files\Java\jdk-21\bin"/>
    <property name="sun.java.command" value="C:\Users\fenix\AppData\Local\Temp\surefire1573835714884770996\surefirebooter-20250512195809229_3.jar C:\Users\fenix\AppData\Local\Temp\surefire1573835714884770996 2025-05-12T19-58-09_108-jvmRun1 surefire-20250512195809229_1tmp surefire_0-20250512195809229_2tmp"/>
    <property name="jdk.debug" value="release"/>
    <property name="surefire.test.class.path" value="C:\Users\fenix\OneDrive\Desktop\GitHub_AMM\A-mi-manera\AMiManera\AMiManeraModel\target\test-classes;C:\Users\fenix\OneDrive\Desktop\GitHub_AMM\A-mi-manera\AMiManera\AMiManeraModel\target\classes;C:\Users\fenix\.m2\repository\org\junit\jupiter\junit-jupiter-api\5.11.0\junit-jupiter-api-5.11.0.jar;C:\Users\fenix\.m2\repository\org\opentest4j\opentest4j\1.3.0\opentest4j-1.3.0.jar;C:\Users\fenix\.m2\repository\org\junit\platform\junit-platform-commons\1.11.0\junit-platform-commons-1.11.0.jar;C:\Users\fenix\.m2\repository\org\apiguardian\apiguardian-api\1.1.2\apiguardian-api-1.1.2.jar;C:\Users\fenix\.m2\repository\org\junit\jupiter\junit-jupiter-params\5.11.0\junit-jupiter-params-5.11.0.jar;"/>
    <property name="sun.cpu.endian" value="little"/>
    <property name="user.home" value="C:\Users\fenix"/>
    <property name="user.language" value="es"/>
    <property name="java.specification.vendor" value="Oracle Corporation"/>
    <property name="java.version.date" value="2025-04-15"/>
    <property name="java.home" value="C:\Program Files\Java\jdk-21"/>
    <property name="file.separator" value="\"/>
    <property name="basedir" value="C:\Users\fenix\OneDrive\Desktop\GitHub_AMM\A-mi-manera\AMiManera\AMiManeraModel"/>
=======
    <property name="java.vm.specification.version" value="17"/>
    <property name="user.country" value="US"/>
    <property name="sun.java.launcher" value="SUN_STANDARD"/>
    <property name="sun.boot.library.path" value="C:\Program Files\Java\jdk-17\bin"/>
    <property name="sun.java.command" value="C:\Users\jfgut\AppData\Local\Temp\surefire14303024722026027901\surefirebooter-20250512201952647_3.jar C:\Users\jfgut\AppData\Local\Temp\surefire14303024722026027901 2025-05-12T20-19-52_367-jvmRun1 surefire-20250512201952647_1tmp surefire_0-20250512201952647_2tmp"/>
    <property name="jdk.debug" value="release"/>
    <property name="surefire.test.class.path" value="C:\Users\jfgut\OneDrive\Desktop\PUCP\2025 - 1\Programacion 3\GIT\A-mi-manera\AMiManera\AMiManeraModel\target\test-classes;C:\Users\jfgut\OneDrive\Desktop\PUCP\2025 - 1\Programacion 3\GIT\A-mi-manera\AMiManera\AMiManeraModel\target\classes;C:\Users\jfgut\.m2\repository\org\junit\jupiter\junit-jupiter-api\5.11.0\junit-jupiter-api-5.11.0.jar;C:\Users\jfgut\.m2\repository\org\opentest4j\opentest4j\1.3.0\opentest4j-1.3.0.jar;C:\Users\jfgut\.m2\repository\org\junit\platform\junit-platform-commons\1.11.0\junit-platform-commons-1.11.0.jar;C:\Users\jfgut\.m2\repository\org\apiguardian\apiguardian-api\1.1.2\apiguardian-api-1.1.2.jar;C:\Users\jfgut\.m2\repository\org\junit\jupiter\junit-jupiter-params\5.11.0\junit-jupiter-params-5.11.0.jar;"/>
    <property name="sun.cpu.endian" value="little"/>
    <property name="user.home" value="C:\Users\jfgut"/>
    <property name="user.language" value="en"/>
    <property name="java.specification.vendor" value="Oracle Corporation"/>
    <property name="java.version.date" value="2024-07-16"/>
    <property name="java.home" value="C:\Program Files\Java\jdk-17"/>
    <property name="file.separator" value="\"/>
    <property name="basedir" value="C:\Users\jfgut\OneDrive\Desktop\PUCP\2025 - 1\Programacion 3\GIT\A-mi-manera\AMiManera\AMiManeraModel"/>
>>>>>>> f4e3c6aa7f867579a2d5adaba31ab2deb92777cc
    <property name="java.vm.compressedOopsMode" value="Zero based"/>
    <property name="line.separator" value="&#10;"/>
    <property name="java.vm.specification.vendor" value="Oracle Corporation"/>
    <property name="java.specification.name" value="Java Platform API Specification"/>
<<<<<<< HEAD
    <property name="surefire.real.class.path" value="C:\Users\fenix\AppData\Local\Temp\surefire1573835714884770996\surefirebooter-20250512195809229_3.jar"/>
    <property name="user.script" value=""/>
    <property name="sun.management.compiler" value="HotSpot 64-Bit Tiered Compilers"/>
    <property name="java.runtime.version" value="21.0.7+8-LTS-245"/>
    <property name="user.name" value="Gred"/>
    <property name="stdout.encoding" value="Cp1252"/>
=======
    <property name="surefire.real.class.path" value="C:\Users\jfgut\AppData\Local\Temp\surefire14303024722026027901\surefirebooter-20250512201952647_3.jar"/>
    <property name="user.script" value=""/>
    <property name="sun.management.compiler" value="HotSpot 64-Bit Tiered Compilers"/>
    <property name="java.runtime.version" value="17.0.12+8-LTS-286"/>
    <property name="user.name" value="jfgut"/>
>>>>>>> f4e3c6aa7f867579a2d5adaba31ab2deb92777cc
    <property name="path.separator" value=";"/>
    <property name="os.version" value="10.0"/>
    <property name="java.runtime.name" value="Java(TM) SE Runtime Environment"/>
    <property name="file.encoding" value="Cp1252"/>
    <property name="java.vm.name" value="Java HotSpot(TM) 64-Bit Server VM"/>
<<<<<<< HEAD
    <property name="maven.ext.class.path" value="C:\Program Files\NetBeans-18\netbeans\java\maven-nblib\netbeans-eventspy.jar"/>
    <property name="localRepository" value="C:\Users\fenix\.m2\repository"/>
    <property name="java.vendor.url.bug" value="https://bugreport.java.com/bugreport/"/>
    <property name="java.io.tmpdir" value="C:\Users\fenix\AppData\Local\Temp\"/>
    <property name="java.version" value="21.0.7"/>
    <property name="user.dir" value="C:\Users\fenix\OneDrive\Desktop\GitHub_AMM\A-mi-manera\AMiManera\AMiManeraModel"/>
=======
    <property name="maven.ext.class.path" value="C:\Program Files\NetBeans-21\netbeans\java\maven-nblib\netbeans-eventspy.jar"/>
    <property name="localRepository" value="C:\Users\jfgut\.m2\repository"/>
    <property name="java.vendor.url.bug" value="https://bugreport.java.com/bugreport/"/>
    <property name="java.io.tmpdir" value="C:\Users\jfgut\AppData\Local\Temp\"/>
    <property name="java.version" value="17.0.12"/>
    <property name="user.dir" value="C:\Users\jfgut\OneDrive\Desktop\PUCP\2025 - 1\Programacion 3\GIT\A-mi-manera\AMiManera\AMiManeraModel"/>
>>>>>>> f4e3c6aa7f867579a2d5adaba31ab2deb92777cc
    <property name="os.arch" value="amd64"/>
    <property name="java.vm.specification.name" value="Java Virtual Machine Specification"/>
    <property name="sun.os.patch.level" value=""/>
    <property name="native.encoding" value="Cp1252"/>
<<<<<<< HEAD
    <property name="java.library.path" value="C:\Program Files\Java\jdk-21\bin;C:\WINDOWS\Sun\Java\bin;C:\WINDOWS\system32;C:\WINDOWS;C:\Program Files\Common Files\Oracle\Java\javapath;C:\Program Files (x86)\Common Files\Oracle\Java\java8path;C:\Program Files (x86)\Common Files\Oracle\Java\javapath;C:\App\dbhomeXE\bin;C:\Windows\system32;C:\Windows;C:\Windows\System32\Wbem;C:\Windows\System32\WindowsPowerShell\v1.0\;C:\Windows\System32\OpenSSH\;C:\MinGW\bin;C:\MinGW\msys\1.0\bin;C:\Program Files\dotnet\;C:\Program Files\NVIDIA Corporation\NVIDIA app\NvDLISR;C:\Program Files\Java\jdk-1.8\bin;C:\WINDOWS\system32;C:\WINDOWS;C:\WINDOWS\System32\Wbem;C:\WINDOWS\System32\WindowsPowerShell\v1.0\;C:\WINDOWS\System32\OpenSSH\;C:\Program Files (x86)\Windows Kits\8.1\Windows Performance Toolkit\;C:\Windows\Microsoft.NET\Framework64\v4.0.30319;C:\Program Files\Git\cmd;C:\Program Files (x86)\Microsoft SQL Server\160\DTS\Binn\;C:\Program Files\Microsoft SQL Server\150\Tools\Binn\;C:\Program Files\Microsoft SQL Server\Client SDK\ODBC\170\Tools\Binn\;C:\Users\fenix\AppData\Local\Programs\Python\Launcher\;C:\Users\fenix\AppData\Local\Microsoft\WindowsApps;C:\Users\fenix\AppData\Local\Programs\Microsoft VS Code\bin;C:\Users\fenix\OneDrive\Documentos\ApacheMaven\apache-maven-3.9.9-bin\apache-maven-3.9.9\bin;C:\Users\fenix\.dotnet\tools;."/>
=======
    <property name="java.library.path" value="C:\Program Files\Java\jdk-17\bin;C:\Windows\Sun\Java\bin;C:\Windows\system32;C:\Windows;C:\Program Files\Common Files\Oracle\Java\javapath;C:\Program Files (x86)\Common Files\Oracle\Java\javapath;C:\Windows\system32;C:\Windows;C:\Windows\System32\Wbem;C:\Windows\System32\WindowsPowerShell\v1.0\;C:\Windows\System32\OpenSSH\;C:\Program Files\dotnet\;c:\MinGw\bin;c:\MinGW\MSYS\1.0\bin;c:\Windows\Microsoft.NET\Framework64\v4.0.30319;C:\Program Files\Java\jdk-17\bin;C:\Program Files\Microsoft SQL Server\150\Tools\Binn\;C:\Program Files\Microsoft SQL Server\Client SDK\ODBC\170\Tools\Binn\;C:\Program Files\Git\cmd;C:\Users\jfgut\AppData\Local\Microsoft\WindowsApps;C:\Users\jfgut\.dotnet\tools;C:\Users\jfgut\OneDrive\Desktop\Programas\apache-maven-3.9.9-bin\apache-maven-3.9.9\bin;."/>
>>>>>>> f4e3c6aa7f867579a2d5adaba31ab2deb92777cc
    <property name="java.vm.info" value="mixed mode, sharing"/>
    <property name="stderr.encoding" value="Cp1252"/>
    <property name="java.vendor" value="Oracle Corporation"/>
<<<<<<< HEAD
    <property name="java.vm.version" value="21.0.7+8-LTS-245"/>
=======
    <property name="java.vm.version" value="17.0.12+8-LTS-286"/>
>>>>>>> f4e3c6aa7f867579a2d5adaba31ab2deb92777cc
    <property name="sun.io.unicode.encoding" value="UnicodeLittle"/>
    <property name="java.class.version" value="65.0"/>
  </properties>
<<<<<<< HEAD
  <testcase name="shouldAnswerWithTrue" classname="com.restaurante.amm.amimaneracapadominiomodel.AppTest" time="0.019"/>
=======
  <testcase name="shouldAnswerWithTrue" classname="com.restaurante.amm.amimaneracapadominiomodel.AppTest" time="0.036"/>
>>>>>>> f4e3c6aa7f867579a2d5adaba31ab2deb92777cc
</testsuite>